<?xml version="1.0" encoding="UTF-8"?>
<!-- Generated by org.testng.reporters.JUnitReportReporter -->
<testsuite hostname="HARSHITA" failures="0" tests="1" name="com.wordpress.TestCases.VerifyWordpressLogin" time="3.777" errors="0" timestamp="02 Sep 2018 01:49:25 GMT" skipped="0">
  <testcase classname="com.wordpress.TestCases.VerifyWordpressLogin" name="verifyValidLogin" time="3.777"/>
</testsuite> <!-- com.wordpress.TestCases.VerifyWordpressLogin -->
